<?xml version="1.0" encoding="UTF-8"?>
<testng-results ignored="0" total="1" passed="1" failed="0" skipped="0">
  <reporter-output>
  </reporter-output>
  <suite started-at="2022-05-24T16:45:30 IST" name="Default suite" finished-at="2022-05-24T16:45:41 IST" duration-ms="11462">
    <groups>
    </groups>
    <test started-at="2022-05-24T16:45:30 IST" name="Default test" finished-at="2022-05-24T16:45:41 IST" duration-ms="11462">
      <class name="Zerodha.MainTEST">
        <test-method is-config="true" signature="beforeclass()[pri:0, instance:Zerodha.MainTEST@13e39c73]" started-at="2022-05-24T16:45:30 IST" name="beforeclass" finished-at="2022-05-24T16:45:39 IST" duration-ms="8716" status="PASS">
          <reporter-output>
          </reporter-output>
        </test-method> <!-- beforeclass -->
        <test-method is-config="true" signature="beforemethod()[pri:0, instance:Zerodha.MainTEST@13e39c73]" started-at="2022-05-24T16:45:39 IST" name="beforemethod" finished-at="2022-05-24T16:45:39 IST" duration-ms="0" status="PASS">
          <reporter-output>
          </reporter-output>
        </test-method> <!-- beforemethod -->
        <test-method signature="testcases()[pri:0, instance:Zerodha.MainTEST@13e39c73]" started-at="2022-05-24T16:45:39 IST" name="testcases" finished-at="2022-05-24T16:45:41 IST" duration-ms="2685" status="PASS">
          <reporter-output>
          </reporter-output>
        </test-method> <!-- testcases -->
        <test-method is-config="true" signature="aftermethod()[pri:0, instance:Zerodha.MainTEST@13e39c73]" started-at="2022-05-24T16:45:41 IST" name="aftermethod" finished-at="2022-05-24T16:45:41 IST" duration-ms="1" status="PASS">
          <reporter-output>
          </reporter-output>
        </test-method> <!-- aftermethod -->
        <test-method is-config="true" signature="afterclass()[pri:0, instance:Zerodha.MainTEST@13e39c73]" started-at="2022-05-24T16:45:41 IST" name="afterclass" finished-at="2022-05-24T16:45:41 IST" duration-ms="0" status="PASS">
          <reporter-output>
          </reporter-output>
        </test-method> <!-- afterclass -->
      </class> <!-- Zerodha.MainTEST -->
    </test> <!-- Default test -->
  </suite> <!-- Default suite -->
</testng-results>
